0 info it worked if it ends with ok
1 verbose cli [ 'node', '/bin/npm', 'version', 'bootstrap' ]
2 info using npm@1.3.6
3 info using node@v0.10.33
4 verbose node symlink /bin/node
5 error version No package.json found
6 error Error: ENOENT, open '/mnt/data/_DEVROOT/WEBROOT/Node.js/node.wallindev.se/client/assets/package.json'
7 error If you need help, you may report this log at:
7 error     <http://github.com/isaacs/npm/issues>
7 error or email it to:
7 error     <npm-@googlegroups.com>
8 error System Linux 3.17.4-200.fc20.x86_64
9 error command "node" "/bin/npm" "version" "bootstrap"
10 error cwd /mnt/data/_DEVROOT/WEBROOT/Node.js/node.wallindev.se/client/assets
11 error node -v v0.10.33
12 error npm -v 1.3.6
13 error path /mnt/data/_DEVROOT/WEBROOT/Node.js/node.wallindev.se/client/assets/package.json
14 error code ENOENT
15 error errno 34
16 verbose exit [ 34, true ]
